TN:
SF:src/routes.js
FN:4,(anonymous_0)
FNF:1
FNH:1
FNDA:1,(anonymous_0)
DA:1,1
DA:4,1
DA:5,1
DA:8,1
LF:4
LH:4
BRF:0
BRH:0
end_of_record
TN:
SF:src/order/order.constant.js
FNF:0
FNH:0
DA:1,1
DA:4,1
LF:2
LH:2
BRF:0
BRH:0
end_of_record
TN:
SF:src/order/order.controller.js
FN:8,(anonymous_0)
FN:19,(anonymous_1)
FNF:2
FNH:2
FNDA:2,(anonymous_0)
FNDA:2,(anonymous_1)
DA:2,1
DA:3,1
DA:4,1
DA:5,1
DA:8,1
DA:9,2
DA:10,2
DA:11,1
DA:13,1
DA:14,1
DA:19,1
DA:20,2
DA:21,2
DA:22,1
DA:24,1
DA:25,1
DA:29,1
LF:17
LH:17
BRF:0
BRH:0
end_of_record
TN:
SF:src/order/order.model.js
FNF:0
FNH:0
DA:1,3
DA:2,3
DA:11,3
LF:3
LH:3
BRF:0
BRH:0
end_of_record
TN:
SF:src/order/order.repository.js
FN:3,(anonymous_0)
FN:8,(anonymous_1)
FNF:2
FNH:2
FNDA:1,(anonymous_0)
FNDA:1,(anonymous_1)
DA:1,3
DA:3,3
DA:4,1
DA:5,1
DA:8,3
DA:9,1
DA:15,1
DA:16,1
DA:17,1
DA:19,0
DA:23,3
LF:11
LH:10
BRF:0
BRH:0
end_of_record
TN:
SF:src/order/order.service.js
FN:4,(anonymous_0)
FN:14,(anonymous_1)
FNF:2
FNH:2
FNDA:2,(anonymous_0)
FNDA:2,(anonymous_1)
DA:1,2
DA:4,2
DA:5,2
DA:6,2
DA:7,1
DA:9,1
DA:14,2
DA:15,2
DA:16,2
DA:17,1
DA:19,1
DA:22,2
LF:12
LH:12
BRF:0
BRH:0
end_of_record
