{"/Users/macintoshhd/Desktop/NAB_Test/NAB-SHOPPING-APPLICATION/I-COMMERCE-API/src/product/product.validator.js": {"path":"/Users/macintoshhd/Desktop/NAB_Test/NAB-SHOPPING-APPLICATION/I-COMMERCE-API/src/product/product.validator.js","statementMap":{"0":{"start":{"line":1,"column":12},"end":{"line":1,"column":26}},"1":{"start":{"line":4,"column":19},"end":{"line":6,"column":6}},"2":{"start":{"line":7,"column":4},"end":{"line":7,"column":33}},"3":{"start":{"line":11,"column":19},"end":{"line":14,"column":6}},"4":{"start":{"line":15,"column":4},"end":{"line":15,"column":35}},"5":{"start":{"line":19,"column":19},"end":{"line":22,"column":6}},"6":{"start":{"line":23,"column":4},"end":{"line":23,"column":34}},"7":{"start":{"line":26,"column":0},"end":{"line":26,"column":71}}},"fnMap":{"0":{"name":"validationSort","decl":{"start":{"line":3,"column":9},"end":{"line":3,"column":23}},"loc":{"start":{"line":3,"column":30},"end":{"line":8,"column":1}},"line":3},"1":{"name":"validationFilter","decl":{"start":{"line":10,"column":9},"end":{"line":10,"column":25}},"loc":{"start":{"line":10,"column":34},"end":{"line":16,"column":1}},"line":10},"2":{"name":"validationOrder","decl":{"start":{"line":18,"column":9},"end":{"line":18,"column":24}},"loc":{"start":{"line":18,"column":32},"end":{"line":24,"column":1}},"line":18}},"branchMap":{},"s":{"0":1,"1":6,"2":6,"3":1,"4":1,"5":1,"6":1,"7":1},"f":{"0":6,"1":1,"2":1},"b":{},"_coverageSchema":"1a1c01bbd47fc00a2c39e90264f33305004495a9","hash":"bfd8ddf690b512b75e53e2edb11a48f34ae97051"}
}
